[2020-12-25 09:23:23] local.ERROR: Command "preset" is not defined. {"exception":"[object] (Symfony\\Component\\Console\\Exception\\CommandNotFoundException(code: 0): Command \"preset\" is not defined. at /mnt/ssd/projects/laravel_package_dev/laravels/laravel8.2/vendor/symfony/console/Application.php:675)
[stacktrace]
#0 /mnt/ssd/projects/laravel_package_dev/laravels/laravel8.2/vendor/symfony/console/Application.php(254): Symfony\\Component\\Console\\Application->find()
#1 /mnt/ssd/projects/laravel_package_dev/laravels/laravel8.2/vendor/symfony/console/Application.php(166): Symfony\\Component\\Console\\Application->doRun()
#2 /mnt/ssd/projects/laravel_package_dev/laravels/laravel8.2/vendor/laravel/framework/src/Illuminate/Console/Application.php(93): Symfony\\Component\\Console\\Application->run()
#3 /mnt/ssd/projects/laravel_package_dev/laravels/laravel8.2/vendor/laravel/framework/src/Illuminate/Foundation/Console/Kernel.php(129): Illuminate\\Console\\Application->run()
#4 /mnt/ssd/projects/laravel_package_dev/laravels/laravel8.2/artisan(37): Illuminate\\Foundation\\Console\\Kernel->handle()
#5 {main}
"} 
[2020-12-25 10:14:26] local.ERROR: Unable to locate Mix file: /js/compiled/app.js. (View: /mnt/ssd/projects/laravel_package_dev/laravels/laravel8.2/resources/views/test_react.blade.php) {"exception":"[object] (Facade\\Ignition\\Exceptions\\ViewException(code: 0): Unable to locate Mix file: /js/compiled/app.js. (View: /mnt/ssd/projects/laravel_package_dev/laravels/laravel8.2/resources/views/test_react.blade.php) at /mnt/ssd/projects/laravel_package_dev/laravels/laravel8.2/vendor/laravel/framework/src/Illuminate/Foundation/Mix.php:55)
[stacktrace]
#0 /mnt/ssd/projects/laravel_package_dev/laravels/laravel8.2/vendor/laravel/framework/src/Illuminate/Foundation/helpers.php(506): Illuminate\\Foundation\\Mix->__invoke()
#1 /mnt/ssd/projects/laravel_package_dev/laravels/laravel8.2/resources/views/test_react.blade.php(11): mix()
#2 /mnt/ssd/projects/laravel_package_dev/laravels/laravel8.2/vendor/laravel/framework/src/Illuminate/Filesystem/Filesystem.php(107): require('/mnt/ssd/projec...')
#3 /mnt/ssd/projects/laravel_package_dev/laravels/laravel8.2/vendor/laravel/framework/src/Illuminate/Filesystem/Filesystem.php(108): Illuminate\\Filesystem\\Filesystem::Illuminate\\Filesystem\\{closure}()
#4 /mnt/ssd/projects/laravel_package_dev/laravels/laravel8.2/vendor/laravel/framework/src/Illuminate/View/Engines/PhpEngine.php(58): Illuminate\\Filesystem\\Filesystem->getRequire()
#5 /mnt/ssd/projects/laravel_package_dev/laravels/laravel8.2/vendor/laravel/framework/src/Illuminate/View/Engines/CompilerEngine.php(61): Illuminate\\View\\Engines\\PhpEngine->evaluatePath()
#6 /mnt/ssd/projects/laravel_package_dev/laravels/laravel8.2/vendor/facade/ignition/src/Views/Engines/CompilerEngine.php(37): Illuminate\\View\\Engines\\CompilerEngine->get()
#7 /mnt/ssd/projects/laravel_package_dev/laravels/laravel8.2/vendor/laravel/framework/src/Illuminate/View/View.php(139): Facade\\Ignition\\Views\\Engines\\CompilerEngine->get()
#8 /mnt/ssd/projects/laravel_package_dev/laravels/laravel8.2/vendor/laravel/framework/src/Illuminate/View/View.php(122): Illuminate\\View\\View->getContents()
#9 /mnt/ssd/projects/laravel_package_dev/laravels/laravel8.2/vendor/laravel/framework/src/Illuminate/View/View.php(91): Illuminate\\View\\View->renderContents()
#10 /mnt/ssd/projects/laravel_package_dev/laravels/laravel8.2/vendor/laravel/framework/src/Illuminate/Http/Response.php(62): Illuminate\\View\\View->render()
#11 /mnt/ssd/projects/laravel_package_dev/laravels/laravel8.2/vendor/laravel/framework/src/Illuminate/Http/Response.php(34): Illuminate\\Http\\Response->setContent()
#12 /mnt/ssd/projects/laravel_package_dev/laravels/laravel8.2/vendor/laravel/framework/src/Illuminate/Routing/Router.php(780): Illuminate\\Http\\Response->__construct()
#13 /mnt/ssd/projects/laravel_package_dev/laravels/laravel8.2/vendor/laravel/framework/src/Illuminate/Routing/Router.php(752): Illuminate\\Routing\\Router::toResponse()
#14 /mnt/ssd/projects/laravel_package_dev/laravels/laravel8.2/vendor/laravel/framework/src/Illuminate/Routing/Router.php(692): Illuminate\\Routing\\Router->prepareResponse()
#15 /mnt/ssd/projects/laravel_package_dev/laravels/laravel8.2/vendor/laravel/framework/src/Illuminate/Pipeline/Pipeline.php(128): Illuminate\\Routing\\Router->Illuminate\\Routing\\{closure}()
#16 /mnt/ssd/projects/laravel_package_dev/laravels/laravel8.2/vendor/laravel/framework/src/Illuminate/Routing/Middleware/SubstituteBindings.php(41): Illuminate\\Pipeline\\Pipeline->Illuminate\\Pipeline\\{closure}()
#17 /mnt/ssd/projects/laravel_package_dev/laravels/laravel8.2/vendor/laravel/framework/src/Illuminate/Pipeline/Pipeline.php(167): Illuminate\\Routing\\Middleware\\SubstituteBindings->handle()
#18 /mnt/ssd/projects/laravel_package_dev/laravels/laravel8.2/vendor/laravel/framework/src/Illuminate/Foundation/Http/Middleware/VerifyCsrfToken.php(78): Illuminate\\Pipeline\\Pipeline->Illuminate\\Pipeline\\{closure}()
#19 /mnt/ssd/projects/laravel_package_dev/laravels/laravel8.2/vendor/laravel/framework/src/Illuminate/Pipeline/Pipeline.php(167): Illuminate\\Foundation\\Http\\Middleware\\VerifyCsrfToken->handle()
#20 /mnt/ssd/projects/laravel_package_dev/laravels/laravel8.2/vendor/laravel/framework/src/Illuminate/View/Middleware/ShareErrorsFromSession.php(49): Illuminate\\Pipeline\\Pipeline->Illuminate\\Pipeline\\{closure}()
#21 /mnt/ssd/projects/laravel_package_dev/laravels/laravel8.2/vendor/laravel/framework/src/Illuminate/Pipeline/Pipeline.php(167): Illuminate\\View\\Middleware\\ShareErrorsFromSession->handle()
#22 /mnt/ssd/projects/laravel_package_dev/laravels/laravel8.2/vendor/laravel/framework/src/Illuminate/Session/Middleware/StartSession.php(121): Illuminate\\Pipeline\\Pipeline->Illuminate\\Pipeline\\{closure}()
#23 /mnt/ssd/projects/laravel_package_dev/laravels/laravel8.2/vendor/laravel/framework/src/Illuminate/Session/Middleware/StartSession.php(63): Illuminate\\Session\\Middleware\\StartSession->handleStatefulRequest()
#24 /mnt/ssd/projects/laravel_package_dev/laravels/laravel8.2/vendor/laravel/framework/src/Illuminate/Pipeline/Pipeline.php(167): Illuminate\\Session\\Middleware\\StartSession->handle()
#25 /mnt/ssd/projects/laravel_package_dev/laravels/laravel8.2/vendor/laravel/framework/src/Illuminate/Cookie/Middleware/AddQueuedCookiesToResponse.php(37): Illuminate\\Pipeline\\Pipeline->Illuminate\\Pipeline\\{closure}()
#26 /mnt/ssd/projects/laravel_package_dev/laravels/laravel8.2/vendor/laravel/framework/src/Illuminate/Pipeline/Pipeline.php(167): Illuminate\\Cookie\\Middleware\\AddQueuedCookiesToResponse->handle()
#27 /mnt/ssd/projects/laravel_package_dev/laravels/laravel8.2/vendor/laravel/framework/src/Illuminate/Cookie/Middleware/EncryptCookies.php(67): Illuminate\\Pipeline\\Pipeline->Illuminate\\Pipeline\\{closure}()
#28 /mnt/ssd/projects/laravel_package_dev/laravels/laravel8.2/vendor/laravel/framework/src/Illuminate/Pipeline/Pipeline.php(167): Illuminate\\Cookie\\Middleware\\EncryptCookies->handle()
#29 /mnt/ssd/projects/laravel_package_dev/laravels/laravel8.2/vendor/laravel/framework/src/Illuminate/Pipeline/Pipeline.php(103): Illuminate\\Pipeline\\Pipeline->Illuminate\\Pipeline\\{closure}()
#30 /mnt/ssd/projects/laravel_package_dev/laravels/laravel8.2/vendor/laravel/framework/src/Illuminate/Routing/Router.php(694): Illuminate\\Pipeline\\Pipeline->then()
#31 /mnt/ssd/projects/laravel_package_dev/laravels/laravel8.2/vendor/laravel/framework/src/Illuminate/Routing/Router.php(669): Illuminate\\Routing\\Router->runRouteWithinStack()
#32 /mnt/ssd/projects/laravel_package_dev/laravels/laravel8.2/vendor/laravel/framework/src/Illuminate/Routing/Router.php(635): Illuminate\\Routing\\Router->runRoute()
#33 /mnt/ssd/projects/laravel_package_dev/laravels/laravel8.2/vendor/laravel/framework/src/Illuminate/Routing/Router.php(624): Illuminate\\Routing\\Router->dispatchToRoute()
#34 /mnt/ssd/projects/laravel_package_dev/laravels/laravel8.2/vendor/laravel/framework/src/Illuminate/Foundation/Http/Kernel.php(166): Illuminate\\Routing\\Router->dispatch()
#35 /mnt/ssd/projects/laravel_package_dev/laravels/laravel8.2/vendor/laravel/framework/src/Illuminate/Pipeline/Pipeline.php(128): Illuminate\\Foundation\\Http\\Kernel->Illuminate\\Foundation\\Http\\{closure}()
#36 /mnt/ssd/projects/laravel_package_dev/laravels/laravel8.2/vendor/laravel/framework/src/Illuminate/Foundation/Http/Middleware/TransformsRequest.php(21): Illuminate\\Pipeline\\Pipeline->Illuminate\\Pipeline\\{closure}()
#37 /mnt/ssd/projects/laravel_package_dev/laravels/laravel8.2/vendor/laravel/framework/src/Illuminate/Pipeline/Pipeline.php(167): Illuminate\\Foundation\\Http\\Middleware\\TransformsRequest->handle()
#38 /mnt/ssd/projects/laravel_package_dev/laravels/laravel8.2/vendor/laravel/framework/src/Illuminate/Foundation/Http/Middleware/TransformsRequest.php(21): Illuminate\\Pipeline\\Pipeline->Illuminate\\Pipeline\\{closure}()
#39 /mnt/ssd/projects/laravel_package_dev/laravels/laravel8.2/vendor/laravel/framework/src/Illuminate/Pipeline/Pipeline.php(167): Illuminate\\Foundation\\Http\\Middleware\\TransformsRequest->handle()
#40 /mnt/ssd/projects/laravel_package_dev/laravels/laravel8.2/vendor/laravel/framework/src/Illuminate/Foundation/Http/Middleware/ValidatePostSize.php(27): Illuminate\\Pipeline\\Pipeline->Illuminate\\Pipeline\\{closure}()
#41 /mnt/ssd/projects/laravel_package_dev/laravels/laravel8.2/vendor/laravel/framework/src/Illuminate/Pipeline/Pipeline.php(167): Illuminate\\Foundation\\Http\\Middleware\\ValidatePostSize->handle()
#42 /mnt/ssd/projects/laravel_package_dev/laravels/laravel8.2/vendor/laravel/framework/src/Illuminate/Foundation/Http/Middleware/PreventRequestsDuringMaintenance.php(87): Illuminate\\Pipeline\\Pipeline->Illuminate\\Pipeline\\{closure}()
#43 /mnt/ssd/projects/laravel_package_dev/laravels/laravel8.2/vendor/laravel/framework/src/Illuminate/Pipeline/Pipeline.php(167): Illuminate\\Foundation\\Http\\Middleware\\PreventRequestsDuringMaintenance->handle()
#44 /mnt/ssd/projects/laravel_package_dev/laravels/laravel8.2/vendor/fruitcake/laravel-cors/src/HandleCors.php(37): Illuminate\\Pipeline\\Pipeline->Illuminate\\Pipeline\\{closure}()
#45 /mnt/ssd/projects/laravel_package_dev/laravels/laravel8.2/vendor/laravel/framework/src/Illuminate/Pipeline/Pipeline.php(167): Fruitcake\\Cors\\HandleCors->handle()
#46 /mnt/ssd/projects/laravel_package_dev/laravels/laravel8.2/vendor/fideloper/proxy/src/TrustProxies.php(57): Illuminate\\Pipeline\\Pipeline->Illuminate\\Pipeline\\{closure}()
#47 /mnt/ssd/projects/laravel_package_dev/laravels/laravel8.2/vendor/laravel/framework/src/Illuminate/Pipeline/Pipeline.php(167): Fideloper\\Proxy\\TrustProxies->handle()
#48 /mnt/ssd/projects/laravel_package_dev/laravels/laravel8.2/vendor/laravel/framework/src/Illuminate/Pipeline/Pipeline.php(103): Illuminate\\Pipeline\\Pipeline->Illuminate\\Pipeline\\{closure}()
#49 /mnt/ssd/projects/laravel_package_dev/laravels/laravel8.2/vendor/laravel/framework/src/Illuminate/Foundation/Http/Kernel.php(141): Illuminate\\Pipeline\\Pipeline->then()
#50 /mnt/ssd/projects/laravel_package_dev/laravels/laravel8.2/vendor/laravel/framework/src/Illuminate/Foundation/Http/Kernel.php(110): Illuminate\\Foundation\\Http\\Kernel->sendRequestThroughRouter()
#51 /mnt/ssd/projects/laravel_package_dev/laravels/laravel8.2/public/index.php(52): Illuminate\\Foundation\\Http\\Kernel->handle()
#52 {main}

[previous exception] [object] (Exception(code: 0): Unable to locate Mix file: /js/compiled/app.js. at /mnt/ssd/projects/laravel_package_dev/laravels/laravel8.2/vendor/laravel/framework/src/Illuminate/Foundation/Mix.php:55)
[stacktrace]
#0 /mnt/ssd/projects/laravel_package_dev/laravels/laravel8.2/vendor/laravel/framework/src/Illuminate/Foundation/helpers.php(506): Illuminate\\Foundation\\Mix->__invoke()
#1 /mnt/ssd/projects/laravel_package_dev/laravels/laravel8.2/storage/framework/views/e6fce34a1df1a1bc30de50fc2fd972aa8d92647a.php(11): mix()
#2 /mnt/ssd/projects/laravel_package_dev/laravels/laravel8.2/vendor/laravel/framework/src/Illuminate/Filesystem/Filesystem.php(107): require('/mnt/ssd/projec...')
#3 /mnt/ssd/projects/laravel_package_dev/laravels/laravel8.2/vendor/laravel/framework/src/Illuminate/Filesystem/Filesystem.php(108): Illuminate\\Filesystem\\Filesystem::Illuminate\\Filesystem\\{closure}()
#4 /mnt/ssd/projects/laravel_package_dev/laravels/laravel8.2/vendor/laravel/framework/src/Illuminate/View/Engines/PhpEngine.php(58): Illuminate\\Filesystem\\Filesystem->getRequire()
#5 /mnt/ssd/projects/laravel_package_dev/laravels/laravel8.2/vendor/laravel/framework/src/Illuminate/View/Engines/CompilerEngine.php(61): Illuminate\\View\\Engines\\PhpEngine->evaluatePath()
#6 /mnt/ssd/projects/laravel_package_dev/laravels/laravel8.2/vendor/facade/ignition/src/Views/Engines/CompilerEngine.php(37): Illuminate\\View\\Engines\\CompilerEngine->get()
#7 /mnt/ssd/projects/laravel_package_dev/laravels/laravel8.2/vendor/laravel/framework/src/Illuminate/View/View.php(139): Facade\\Ignition\\Views\\Engines\\CompilerEngine->get()
#8 /mnt/ssd/projects/laravel_package_dev/laravels/laravel8.2/vendor/laravel/framework/src/Illuminate/View/View.php(122): Illuminate\\View\\View->getContents()
#9 /mnt/ssd/projects/laravel_package_dev/laravels/laravel8.2/vendor/laravel/framework/src/Illuminate/View/View.php(91): Illuminate\\View\\View->renderContents()
#10 /mnt/ssd/projects/laravel_package_dev/laravels/laravel8.2/vendor/laravel/framework/src/Illuminate/Http/Response.php(62): Illuminate\\View\\View->render()
#11 /mnt/ssd/projects/laravel_package_dev/laravels/laravel8.2/vendor/laravel/framework/src/Illuminate/Http/Response.php(34): Illuminate\\Http\\Response->setContent()
#12 /mnt/ssd/projects/laravel_package_dev/laravels/laravel8.2/vendor/laravel/framework/src/Illuminate/Routing/Router.php(780): Illuminate\\Http\\Response->__construct()
#13 /mnt/ssd/projects/laravel_package_dev/laravels/laravel8.2/vendor/laravel/framework/src/Illuminate/Routing/Router.php(752): Illuminate\\Routing\\Router::toResponse()
#14 /mnt/ssd/projects/laravel_package_dev/laravels/laravel8.2/vendor/laravel/framework/src/Illuminate/Routing/Router.php(692): Illuminate\\Routing\\Router->prepareResponse()
#15 /mnt/ssd/projects/laravel_package_dev/laravels/laravel8.2/vendor/laravel/framework/src/Illuminate/Pipeline/Pipeline.php(128): Illuminate\\Routing\\Router->Illuminate\\Routing\\{closure}()
#16 /mnt/ssd/projects/laravel_package_dev/laravels/laravel8.2/vendor/laravel/framework/src/Illuminate/Routing/Middleware/SubstituteBindings.php(41): Illuminate\\Pipeline\\Pipeline->Illuminate\\Pipeline\\{closure}()
#17 /mnt/ssd/projects/laravel_package_dev/laravels/laravel8.2/vendor/laravel/framework/src/Illuminate/Pipeline/Pipeline.php(167): Illuminate\\Routing\\Middleware\\SubstituteBindings->handle()
#18 /mnt/ssd/projects/laravel_package_dev/laravels/laravel8.2/vendor/laravel/framework/src/Illuminate/Foundation/Http/Middleware/VerifyCsrfToken.php(78): Illuminate\\Pipeline\\Pipeline->Illuminate\\Pipeline\\{closure}()
#19 /mnt/ssd/projects/laravel_package_dev/laravels/laravel8.2/vendor/laravel/framework/src/Illuminate/Pipeline/Pipeline.php(167): Illuminate\\Foundation\\Http\\Middleware\\VerifyCsrfToken->handle()
#20 /mnt/ssd/projects/laravel_package_dev/laravels/laravel8.2/vendor/laravel/framework/src/Illuminate/View/Middleware/ShareErrorsFromSession.php(49): Illuminate\\Pipeline\\Pipeline->Illuminate\\Pipeline\\{closure}()
#21 /mnt/ssd/projects/laravel_package_dev/laravels/laravel8.2/vendor/laravel/framework/src/Illuminate/Pipeline/Pipeline.php(167): Illuminate\\View\\Middleware\\ShareErrorsFromSession->handle()
#22 /mnt/ssd/projects/laravel_package_dev/laravels/laravel8.2/vendor/laravel/framework/src/Illuminate/Session/Middleware/StartSession.php(121): Illuminate\\Pipeline\\Pipeline->Illuminate\\Pipeline\\{closure}()
#23 /mnt/ssd/projects/laravel_package_dev/laravels/laravel8.2/vendor/laravel/framework/src/Illuminate/Session/Middleware/StartSession.php(63): Illuminate\\Session\\Middleware\\StartSession->handleStatefulRequest()
#24 /mnt/ssd/projects/laravel_package_dev/laravels/laravel8.2/vendor/laravel/framework/src/Illuminate/Pipeline/Pipeline.php(167): Illuminate\\Session\\Middleware\\StartSession->handle()
#25 /mnt/ssd/projects/laravel_package_dev/laravels/laravel8.2/vendor/laravel/framework/src/Illuminate/Cookie/Middleware/AddQueuedCookiesToResponse.php(37): Illuminate\\Pipeline\\Pipeline->Illuminate\\Pipeline\\{closure}()
#26 /mnt/ssd/projects/laravel_package_dev/laravels/laravel8.2/vendor/laravel/framework/src/Illuminate/Pipeline/Pipeline.php(167): Illuminate\\Cookie\\Middleware\\AddQueuedCookiesToResponse->handle()
#27 /mnt/ssd/projects/laravel_package_dev/laravels/laravel8.2/vendor/laravel/framework/src/Illuminate/Cookie/Middleware/EncryptCookies.php(67): Illuminate\\Pipeline\\Pipeline->Illuminate\\Pipeline\\{closure}()
#28 /mnt/ssd/projects/laravel_package_dev/laravels/laravel8.2/vendor/laravel/framework/src/Illuminate/Pipeline/Pipeline.php(167): Illuminate\\Cookie\\Middleware\\EncryptCookies->handle()
#29 /mnt/ssd/projects/laravel_package_dev/laravels/laravel8.2/vendor/laravel/framework/src/Illuminate/Pipeline/Pipeline.php(103): Illuminate\\Pipeline\\Pipeline->Illuminate\\Pipeline\\{closure}()
#30 /mnt/ssd/projects/laravel_package_dev/laravels/laravel8.2/vendor/laravel/framework/src/Illuminate/Routing/Router.php(694): Illuminate\\Pipeline\\Pipeline->then()
#31 /mnt/ssd/projects/laravel_package_dev/laravels/laravel8.2/vendor/laravel/framework/src/Illuminate/Routing/Router.php(669): Illuminate\\Routing\\Router->runRouteWithinStack()
#32 /mnt/ssd/projects/laravel_package_dev/laravels/laravel8.2/vendor/laravel/framework/src/Illuminate/Routing/Router.php(635): Illuminate\\Routing\\Router->runRoute()
#33 /mnt/ssd/projects/laravel_package_dev/laravels/laravel8.2/vendor/laravel/framework/src/Illuminate/Routing/Router.php(624): Illuminate\\Routing\\Router->dispatchToRoute()
#34 /mnt/ssd/projects/laravel_package_dev/laravels/laravel8.2/vendor/laravel/framework/src/Illuminate/Foundation/Http/Kernel.php(166): Illuminate\\Routing\\Router->dispatch()
#35 /mnt/ssd/projects/laravel_package_dev/laravels/laravel8.2/vendor/laravel/framework/src/Illuminate/Pipeline/Pipeline.php(128): Illuminate\\Foundation\\Http\\Kernel->Illuminate\\Foundation\\Http\\{closure}()
#36 /mnt/ssd/projects/laravel_package_dev/laravels/laravel8.2/vendor/laravel/framework/src/Illuminate/Foundation/Http/Middleware/TransformsRequest.php(21): Illuminate\\Pipeline\\Pipeline->Illuminate\\Pipeline\\{closure}()
#37 /mnt/ssd/projects/laravel_package_dev/laravels/laravel8.2/vendor/laravel/framework/src/Illuminate/Pipeline/Pipeline.php(167): Illuminate\\Foundation\\Http\\Middleware\\TransformsRequest->handle()
#38 /mnt/ssd/projects/laravel_package_dev/laravels/laravel8.2/vendor/laravel/framework/src/Illuminate/Foundation/Http/Middleware/TransformsRequest.php(21): Illuminate\\Pipeline\\Pipeline->Illuminate\\Pipeline\\{closure}()
#39 /mnt/ssd/projects/laravel_package_dev/laravels/laravel8.2/vendor/laravel/framework/src/Illuminate/Pipeline/Pipeline.php(167): Illuminate\\Foundation\\Http\\Middleware\\TransformsRequest->handle()
#40 /mnt/ssd/projects/laravel_package_dev/laravels/laravel8.2/vendor/laravel/framework/src/Illuminate/Foundation/Http/Middleware/ValidatePostSize.php(27): Illuminate\\Pipeline\\Pipeline->Illuminate\\Pipeline\\{closure}()
#41 /mnt/ssd/projects/laravel_package_dev/laravels/laravel8.2/vendor/laravel/framework/src/Illuminate/Pipeline/Pipeline.php(167): Illuminate\\Foundation\\Http\\Middleware\\ValidatePostSize->handle()
#42 /mnt/ssd/projects/laravel_package_dev/laravels/laravel8.2/vendor/laravel/framework/src/Illuminate/Foundation/Http/Middleware/PreventRequestsDuringMaintenance.php(87): Illuminate\\Pipeline\\Pipeline->Illuminate\\Pipeline\\{closure}()
#43 /mnt/ssd/projects/laravel_package_dev/laravels/laravel8.2/vendor/laravel/framework/src/Illuminate/Pipeline/Pipeline.php(167): Illuminate\\Foundation\\Http\\Middleware\\PreventRequestsDuringMaintenance->handle()
#44 /mnt/ssd/projects/laravel_package_dev/laravels/laravel8.2/vendor/fruitcake/laravel-cors/src/HandleCors.php(37): Illuminate\\Pipeline\\Pipeline->Illuminate\\Pipeline\\{closure}()
#45 /mnt/ssd/projects/laravel_package_dev/laravels/laravel8.2/vendor/laravel/framework/src/Illuminate/Pipeline/Pipeline.php(167): Fruitcake\\Cors\\HandleCors->handle()
#46 /mnt/ssd/projects/laravel_package_dev/laravels/laravel8.2/vendor/fideloper/proxy/src/TrustProxies.php(57): Illuminate\\Pipeline\\Pipeline->Illuminate\\Pipeline\\{closure}()
#47 /mnt/ssd/projects/laravel_package_dev/laravels/laravel8.2/vendor/laravel/framework/src/Illuminate/Pipeline/Pipeline.php(167): Fideloper\\Proxy\\TrustProxies->handle()
#48 /mnt/ssd/projects/laravel_package_dev/laravels/laravel8.2/vendor/laravel/framework/src/Illuminate/Pipeline/Pipeline.php(103): Illuminate\\Pipeline\\Pipeline->Illuminate\\Pipeline\\{closure}()
#49 /mnt/ssd/projects/laravel_package_dev/laravels/laravel8.2/vendor/laravel/framework/src/Illuminate/Foundation/Http/Kernel.php(141): Illuminate\\Pipeline\\Pipeline->then()
#50 /mnt/ssd/projects/laravel_package_dev/laravels/laravel8.2/vendor/laravel/framework/src/Illuminate/Foundation/Http/Kernel.php(110): Illuminate\\Foundation\\Http\\Kernel->sendRequestThroughRouter()
#51 /mnt/ssd/projects/laravel_package_dev/laravels/laravel8.2/public/index.php(52): Illuminate\\Foundation\\Http\\Kernel->handle()
#52 {main}
"} 
[2020-12-25 10:16:26] local.ERROR: Call to undefined function assets() (View: /mnt/ssd/projects/laravel_package_dev/laravels/laravel8.2/resources/views/test_react.blade.php) {"exception":"[object] (Facade\\Ignition\\Exceptions\\ViewException(code: 0): Call to undefined function assets() (View: /mnt/ssd/projects/laravel_package_dev/laravels/laravel8.2/resources/views/test_react.blade.php) at /mnt/ssd/projects/laravel_package_dev/laravels/laravel8.2/resources/views/test_react.blade.php:11)
[stacktrace]
#0 /mnt/ssd/projects/laravel_package_dev/laravels/laravel8.2/vendor/laravel/framework/src/Illuminate/Filesystem/Filesystem.php(107): require()
#1 /mnt/ssd/projects/laravel_package_dev/laravels/laravel8.2/vendor/laravel/framework/src/Illuminate/Filesystem/Filesystem.php(108): Illuminate\\Filesystem\\Filesystem::Illuminate\\Filesystem\\{closure}()
#2 /mnt/ssd/projects/laravel_package_dev/laravels/laravel8.2/vendor/laravel/framework/src/Illuminate/View/Engines/PhpEngine.php(58): Illuminate\\Filesystem\\Filesystem->getRequire()
#3 /mnt/ssd/projects/laravel_package_dev/laravels/laravel8.2/vendor/laravel/framework/src/Illuminate/View/Engines/CompilerEngine.php(61): Illuminate\\View\\Engines\\PhpEngine->evaluatePath()
#4 /mnt/ssd/projects/laravel_package_dev/laravels/laravel8.2/vendor/facade/ignition/src/Views/Engines/CompilerEngine.php(37): Illuminate\\View\\Engines\\CompilerEngine->get()
#5 /mnt/ssd/projects/laravel_package_dev/laravels/laravel8.2/vendor/laravel/framework/src/Illuminate/View/View.php(139): Facade\\Ignition\\Views\\Engines\\CompilerEngine->get()
#6 /mnt/ssd/projects/laravel_package_dev/laravels/laravel8.2/vendor/laravel/framework/src/Illuminate/View/View.php(122): Illuminate\\View\\View->getContents()
#7 /mnt/ssd/projects/laravel_package_dev/laravels/laravel8.2/vendor/laravel/framework/src/Illuminate/View/View.php(91): Illuminate\\View\\View->renderContents()
#8 /mnt/ssd/projects/laravel_package_dev/laravels/laravel8.2/vendor/laravel/framework/src/Illuminate/Http/Response.php(62): Illuminate\\View\\View->render()
#9 /mnt/ssd/projects/laravel_package_dev/laravels/laravel8.2/vendor/laravel/framework/src/Illuminate/Http/Response.php(34): Illuminate\\Http\\Response->setContent()
#10 /mnt/ssd/projects/laravel_package_dev/laravels/laravel8.2/vendor/laravel/framework/src/Illuminate/Routing/Router.php(780): Illuminate\\Http\\Response->__construct()
#11 /mnt/ssd/projects/laravel_package_dev/laravels/laravel8.2/vendor/laravel/framework/src/Illuminate/Routing/Router.php(752): Illuminate\\Routing\\Router::toResponse()
#12 /mnt/ssd/projects/laravel_package_dev/laravels/laravel8.2/vendor/laravel/framework/src/Illuminate/Routing/Router.php(692): Illuminate\\Routing\\Router->prepareResponse()
#13 /mnt/ssd/projects/laravel_package_dev/laravels/laravel8.2/vendor/laravel/framework/src/Illuminate/Pipeline/Pipeline.php(128): Illuminate\\Routing\\Router->Illuminate\\Routing\\{closure}()
#14 /mnt/ssd/projects/laravel_package_dev/laravels/laravel8.2/vendor/laravel/framework/src/Illuminate/Routing/Middleware/SubstituteBindings.php(41): Illuminate\\Pipeline\\Pipeline->Illuminate\\Pipeline\\{closure}()
#15 /mnt/ssd/projects/laravel_package_dev/laravels/laravel8.2/vendor/laravel/framework/src/Illuminate/Pipeline/Pipeline.php(167): Illuminate\\Routing\\Middleware\\SubstituteBindings->handle()
#16 /mnt/ssd/projects/laravel_package_dev/laravels/laravel8.2/vendor/laravel/framework/src/Illuminate/Foundation/Http/Middleware/VerifyCsrfToken.php(78): Illuminate\\Pipeline\\Pipeline->Illuminate\\Pipeline\\{closure}()
#17 /mnt/ssd/projects/laravel_package_dev/laravels/laravel8.2/vendor/laravel/framework/src/Illuminate/Pipeline/Pipeline.php(167): Illuminate\\Foundation\\Http\\Middleware\\VerifyCsrfToken->handle()
#18 /mnt/ssd/projects/laravel_package_dev/laravels/laravel8.2/vendor/laravel/framework/src/Illuminate/View/Middleware/ShareErrorsFromSession.php(49): Illuminate\\Pipeline\\Pipeline->Illuminate\\Pipeline\\{closure}()
#19 /mnt/ssd/projects/laravel_package_dev/laravels/laravel8.2/vendor/laravel/framework/src/Illuminate/Pipeline/Pipeline.php(167): Illuminate\\View\\Middleware\\ShareErrorsFromSession->handle()
#20 /mnt/ssd/projects/laravel_package_dev/laravels/laravel8.2/vendor/laravel/framework/src/Illuminate/Session/Middleware/StartSession.php(121): Illuminate\\Pipeline\\Pipeline->Illuminate\\Pipeline\\{closure}()
#21 /mnt/ssd/projects/laravel_package_dev/laravels/laravel8.2/vendor/laravel/framework/src/Illuminate/Session/Middleware/StartSession.php(63): Illuminate\\Session\\Middleware\\StartSession->handleStatefulRequest()
#22 /mnt/ssd/projects/laravel_package_dev/laravels/laravel8.2/vendor/laravel/framework/src/Illuminate/Pipeline/Pipeline.php(167): Illuminate\\Session\\Middleware\\StartSession->handle()
#23 /mnt/ssd/projects/laravel_package_dev/laravels/laravel8.2/vendor/laravel/framework/src/Illuminate/Cookie/Middleware/AddQueuedCookiesToResponse.php(37): Illuminate\\Pipeline\\Pipeline->Illuminate\\Pipeline\\{closure}()
#24 /mnt/ssd/projects/laravel_package_dev/laravels/laravel8.2/vendor/laravel/framework/src/Illuminate/Pipeline/Pipeline.php(167): Illuminate\\Cookie\\Middleware\\AddQueuedCookiesToResponse->handle()
#25 /mnt/ssd/projects/laravel_package_dev/laravels/laravel8.2/vendor/laravel/framework/src/Illuminate/Cookie/Middleware/EncryptCookies.php(67): Illuminate\\Pipeline\\Pipeline->Illuminate\\Pipeline\\{closure}()
#26 /mnt/ssd/projects/laravel_package_dev/laravels/laravel8.2/vendor/laravel/framework/src/Illuminate/Pipeline/Pipeline.php(167): Illuminate\\Cookie\\Middleware\\EncryptCookies->handle()
#27 /mnt/ssd/projects/laravel_package_dev/laravels/laravel8.2/vendor/laravel/framework/src/Illuminate/Pipeline/Pipeline.php(103): Illuminate\\Pipeline\\Pipeline->Illuminate\\Pipeline\\{closure}()
#28 /mnt/ssd/projects/laravel_package_dev/laravels/laravel8.2/vendor/laravel/framework/src/Illuminate/Routing/Router.php(694): Illuminate\\Pipeline\\Pipeline->then()
#29 /mnt/ssd/projects/laravel_package_dev/laravels/laravel8.2/vendor/laravel/framework/src/Illuminate/Routing/Router.php(669): Illuminate\\Routing\\Router->runRouteWithinStack()
#30 /mnt/ssd/projects/laravel_package_dev/laravels/laravel8.2/vendor/laravel/framework/src/Illuminate/Routing/Router.php(635): Illuminate\\Routing\\Router->runRoute()
#31 /mnt/ssd/projects/laravel_package_dev/laravels/laravel8.2/vendor/laravel/framework/src/Illuminate/Routing/Router.php(624): Illuminate\\Routing\\Router->dispatchToRoute()
#32 /mnt/ssd/projects/laravel_package_dev/laravels/laravel8.2/vendor/laravel/framework/src/Illuminate/Foundation/Http/Kernel.php(166): Illuminate\\Routing\\Router->dispatch()
#33 /mnt/ssd/projects/laravel_package_dev/laravels/laravel8.2/vendor/laravel/framework/src/Illuminate/Pipeline/Pipeline.php(128): Illuminate\\Foundation\\Http\\Kernel->Illuminate\\Foundation\\Http\\{closure}()
#34 /mnt/ssd/projects/laravel_package_dev/laravels/laravel8.2/vendor/laravel/framework/src/Illuminate/Foundation/Http/Middleware/TransformsRequest.php(21): Illuminate\\Pipeline\\Pipeline->Illuminate\\Pipeline\\{closure}()
#35 /mnt/ssd/projects/laravel_package_dev/laravels/laravel8.2/vendor/laravel/framework/src/Illuminate/Pipeline/Pipeline.php(167): Illuminate\\Foundation\\Http\\Middleware\\TransformsRequest->handle()
#36 /mnt/ssd/projects/laravel_package_dev/laravels/laravel8.2/vendor/laravel/framework/src/Illuminate/Foundation/Http/Middleware/TransformsRequest.php(21): Illuminate\\Pipeline\\Pipeline->Illuminate\\Pipeline\\{closure}()
#37 /mnt/ssd/projects/laravel_package_dev/laravels/laravel8.2/vendor/laravel/framework/src/Illuminate/Pipeline/Pipeline.php(167): Illuminate\\Foundation\\Http\\Middleware\\TransformsRequest->handle()
#38 /mnt/ssd/projects/laravel_package_dev/laravels/laravel8.2/vendor/laravel/framework/src/Illuminate/Foundation/Http/Middleware/ValidatePostSize.php(27): Illuminate\\Pipeline\\Pipeline->Illuminate\\Pipeline\\{closure}()
#39 /mnt/ssd/projects/laravel_package_dev/laravels/laravel8.2/vendor/laravel/framework/src/Illuminate/Pipeline/Pipeline.php(167): Illuminate\\Foundation\\Http\\Middleware\\ValidatePostSize->handle()
#40 /mnt/ssd/projects/laravel_package_dev/laravels/laravel8.2/vendor/laravel/framework/src/Illuminate/Foundation/Http/Middleware/PreventRequestsDuringMaintenance.php(87): Illuminate\\Pipeline\\Pipeline->Illuminate\\Pipeline\\{closure}()
#41 /mnt/ssd/projects/laravel_package_dev/laravels/laravel8.2/vendor/laravel/framework/src/Illuminate/Pipeline/Pipeline.php(167): Illuminate\\Foundation\\Http\\Middleware\\PreventRequestsDuringMaintenance->handle()
#42 /mnt/ssd/projects/laravel_package_dev/laravels/laravel8.2/vendor/fruitcake/laravel-cors/src/HandleCors.php(37): Illuminate\\Pipeline\\Pipeline->Illuminate\\Pipeline\\{closure}()
#43 /mnt/ssd/projects/laravel_package_dev/laravels/laravel8.2/vendor/laravel/framework/src/Illuminate/Pipeline/Pipeline.php(167): Fruitcake\\Cors\\HandleCors->handle()
#44 /mnt/ssd/projects/laravel_package_dev/laravels/laravel8.2/vendor/fideloper/proxy/src/TrustProxies.php(57): Illuminate\\Pipeline\\Pipeline->Illuminate\\Pipeline\\{closure}()
#45 /mnt/ssd/projects/laravel_package_dev/laravels/laravel8.2/vendor/laravel/framework/src/Illuminate/Pipeline/Pipeline.php(167): Fideloper\\Proxy\\TrustProxies->handle()
#46 /mnt/ssd/projects/laravel_package_dev/laravels/laravel8.2/vendor/laravel/framework/src/Illuminate/Pipeline/Pipeline.php(103): Illuminate\\Pipeline\\Pipeline->Illuminate\\Pipeline\\{closure}()
#47 /mnt/ssd/projects/laravel_package_dev/laravels/laravel8.2/vendor/laravel/framework/src/Illuminate/Foundation/Http/Kernel.php(141): Illuminate\\Pipeline\\Pipeline->then()
#48 /mnt/ssd/projects/laravel_package_dev/laravels/laravel8.2/vendor/laravel/framework/src/Illuminate/Foundation/Http/Kernel.php(110): Illuminate\\Foundation\\Http\\Kernel->sendRequestThroughRouter()
#49 /mnt/ssd/projects/laravel_package_dev/laravels/laravel8.2/public/index.php(52): Illuminate\\Foundation\\Http\\Kernel->handle()
#50 {main}

[previous exception] [object] (Error(code: 0): Call to undefined function assets() at /mnt/ssd/projects/laravel_package_dev/laravels/laravel8.2/storage/framework/views/e6fce34a1df1a1bc30de50fc2fd972aa8d92647a.php:11)
[stacktrace]
#0 /mnt/ssd/projects/laravel_package_dev/laravels/laravel8.2/vendor/laravel/framework/src/Illuminate/Filesystem/Filesystem.php(107): require()
#1 /mnt/ssd/projects/laravel_package_dev/laravels/laravel8.2/vendor/laravel/framework/src/Illuminate/Filesystem/Filesystem.php(108): Illuminate\\Filesystem\\Filesystem::Illuminate\\Filesystem\\{closure}()
#2 /mnt/ssd/projects/laravel_package_dev/laravels/laravel8.2/vendor/laravel/framework/src/Illuminate/View/Engines/PhpEngine.php(58): Illuminate\\Filesystem\\Filesystem->getRequire()
#3 /mnt/ssd/projects/laravel_package_dev/laravels/laravel8.2/vendor/laravel/framework/src/Illuminate/View/Engines/CompilerEngine.php(61): Illuminate\\View\\Engines\\PhpEngine->evaluatePath()
#4 /mnt/ssd/projects/laravel_package_dev/laravels/laravel8.2/vendor/facade/ignition/src/Views/Engines/CompilerEngine.php(37): Illuminate\\View\\Engines\\CompilerEngine->get()
#5 /mnt/ssd/projects/laravel_package_dev/laravels/laravel8.2/vendor/laravel/framework/src/Illuminate/View/View.php(139): Facade\\Ignition\\Views\\Engines\\CompilerEngine->get()
#6 /mnt/ssd/projects/laravel_package_dev/laravels/laravel8.2/vendor/laravel/framework/src/Illuminate/View/View.php(122): Illuminate\\View\\View->getContents()
#7 /mnt/ssd/projects/laravel_package_dev/laravels/laravel8.2/vendor/laravel/framework/src/Illuminate/View/View.php(91): Illuminate\\View\\View->renderContents()
#8 /mnt/ssd/projects/laravel_package_dev/laravels/laravel8.2/vendor/laravel/framework/src/Illuminate/Http/Response.php(62): Illuminate\\View\\View->render()
#9 /mnt/ssd/projects/laravel_package_dev/laravels/laravel8.2/vendor/laravel/framework/src/Illuminate/Http/Response.php(34): Illuminate\\Http\\Response->setContent()
#10 /mnt/ssd/projects/laravel_package_dev/laravels/laravel8.2/vendor/laravel/framework/src/Illuminate/Routing/Router.php(780): Illuminate\\Http\\Response->__construct()
#11 /mnt/ssd/projects/laravel_package_dev/laravels/laravel8.2/vendor/laravel/framework/src/Illuminate/Routing/Router.php(752): Illuminate\\Routing\\Router::toResponse()
#12 /mnt/ssd/projects/laravel_package_dev/laravels/laravel8.2/vendor/laravel/framework/src/Illuminate/Routing/Router.php(692): Illuminate\\Routing\\Router->prepareResponse()
#13 /mnt/ssd/projects/laravel_package_dev/laravels/laravel8.2/vendor/laravel/framework/src/Illuminate/Pipeline/Pipeline.php(128): Illuminate\\Routing\\Router->Illuminate\\Routing\\{closure}()
#14 /mnt/ssd/projects/laravel_package_dev/laravels/laravel8.2/vendor/laravel/framework/src/Illuminate/Routing/Middleware/SubstituteBindings.php(41): Illuminate\\Pipeline\\Pipeline->Illuminate\\Pipeline\\{closure}()
#15 /mnt/ssd/projects/laravel_package_dev/laravels/laravel8.2/vendor/laravel/framework/src/Illuminate/Pipeline/Pipeline.php(167): Illuminate\\Routing\\Middleware\\SubstituteBindings->handle()
#16 /mnt/ssd/projects/laravel_package_dev/laravels/laravel8.2/vendor/laravel/framework/src/Illuminate/Foundation/Http/Middleware/VerifyCsrfToken.php(78): Illuminate\\Pipeline\\Pipeline->Illuminate\\Pipeline\\{closure}()
#17 /mnt/ssd/projects/laravel_package_dev/laravels/laravel8.2/vendor/laravel/framework/src/Illuminate/Pipeline/Pipeline.php(167): Illuminate\\Foundation\\Http\\Middleware\\VerifyCsrfToken->handle()
#18 /mnt/ssd/projects/laravel_package_dev/laravels/laravel8.2/vendor/laravel/framework/src/Illuminate/View/Middleware/ShareErrorsFromSession.php(49): Illuminate\\Pipeline\\Pipeline->Illuminate\\Pipeline\\{closure}()
#19 /mnt/ssd/projects/laravel_package_dev/laravels/laravel8.2/vendor/laravel/framework/src/Illuminate/Pipeline/Pipeline.php(167): Illuminate\\View\\Middleware\\ShareErrorsFromSession->handle()
#20 /mnt/ssd/projects/laravel_package_dev/laravels/laravel8.2/vendor/laravel/framework/src/Illuminate/Session/Middleware/StartSession.php(121): Illuminate\\Pipeline\\Pipeline->Illuminate\\Pipeline\\{closure}()
#21 /mnt/ssd/projects/laravel_package_dev/laravels/laravel8.2/vendor/laravel/framework/src/Illuminate/Session/Middleware/StartSession.php(63): Illuminate\\Session\\Middleware\\StartSession->handleStatefulRequest()
#22 /mnt/ssd/projects/laravel_package_dev/laravels/laravel8.2/vendor/laravel/framework/src/Illuminate/Pipeline/Pipeline.php(167): Illuminate\\Session\\Middleware\\StartSession->handle()
#23 /mnt/ssd/projects/laravel_package_dev/laravels/laravel8.2/vendor/laravel/framework/src/Illuminate/Cookie/Middleware/AddQueuedCookiesToResponse.php(37): Illuminate\\Pipeline\\Pipeline->Illuminate\\Pipeline\\{closure}()
#24 /mnt/ssd/projects/laravel_package_dev/laravels/laravel8.2/vendor/laravel/framework/src/Illuminate/Pipeline/Pipeline.php(167): Illuminate\\Cookie\\Middleware\\AddQueuedCookiesToResponse->handle()
#25 /mnt/ssd/projects/laravel_package_dev/laravels/laravel8.2/vendor/laravel/framework/src/Illuminate/Cookie/Middleware/EncryptCookies.php(67): Illuminate\\Pipeline\\Pipeline->Illuminate\\Pipeline\\{closure}()
#26 /mnt/ssd/projects/laravel_package_dev/laravels/laravel8.2/vendor/laravel/framework/src/Illuminate/Pipeline/Pipeline.php(167): Illuminate\\Cookie\\Middleware\\EncryptCookies->handle()
#27 /mnt/ssd/projects/laravel_package_dev/laravels/laravel8.2/vendor/laravel/framework/src/Illuminate/Pipeline/Pipeline.php(103): Illuminate\\Pipeline\\Pipeline->Illuminate\\Pipeline\\{closure}()
#28 /mnt/ssd/projects/laravel_package_dev/laravels/laravel8.2/vendor/laravel/framework/src/Illuminate/Routing/Router.php(694): Illuminate\\Pipeline\\Pipeline->then()
#29 /mnt/ssd/projects/laravel_package_dev/laravels/laravel8.2/vendor/laravel/framework/src/Illuminate/Routing/Router.php(669): Illuminate\\Routing\\Router->runRouteWithinStack()
#30 /mnt/ssd/projects/laravel_package_dev/laravels/laravel8.2/vendor/laravel/framework/src/Illuminate/Routing/Router.php(635): Illuminate\\Routing\\Router->runRoute()
#31 /mnt/ssd/projects/laravel_package_dev/laravels/laravel8.2/vendor/laravel/framework/src/Illuminate/Routing/Router.php(624): Illuminate\\Routing\\Router->dispatchToRoute()
#32 /mnt/ssd/projects/laravel_package_dev/laravels/laravel8.2/vendor/laravel/framework/src/Illuminate/Foundation/Http/Kernel.php(166): Illuminate\\Routing\\Router->dispatch()
#33 /mnt/ssd/projects/laravel_package_dev/laravels/laravel8.2/vendor/laravel/framework/src/Illuminate/Pipeline/Pipeline.php(128): Illuminate\\Foundation\\Http\\Kernel->Illuminate\\Foundation\\Http\\{closure}()
#34 /mnt/ssd/projects/laravel_package_dev/laravels/laravel8.2/vendor/laravel/framework/src/Illuminate/Foundation/Http/Middleware/TransformsRequest.php(21): Illuminate\\Pipeline\\Pipeline->Illuminate\\Pipeline\\{closure}()
#35 /mnt/ssd/projects/laravel_package_dev/laravels/laravel8.2/vendor/laravel/framework/src/Illuminate/Pipeline/Pipeline.php(167): Illuminate\\Foundation\\Http\\Middleware\\TransformsRequest->handle()
#36 /mnt/ssd/projects/laravel_package_dev/laravels/laravel8.2/vendor/laravel/framework/src/Illuminate/Foundation/Http/Middleware/TransformsRequest.php(21): Illuminate\\Pipeline\\Pipeline->Illuminate\\Pipeline\\{closure}()
#37 /mnt/ssd/projects/laravel_package_dev/laravels/laravel8.2/vendor/laravel/framework/src/Illuminate/Pipeline/Pipeline.php(167): Illuminate\\Foundation\\Http\\Middleware\\TransformsRequest->handle()
#38 /mnt/ssd/projects/laravel_package_dev/laravels/laravel8.2/vendor/laravel/framework/src/Illuminate/Foundation/Http/Middleware/ValidatePostSize.php(27): Illuminate\\Pipeline\\Pipeline->Illuminate\\Pipeline\\{closure}()
#39 /mnt/ssd/projects/laravel_package_dev/laravels/laravel8.2/vendor/laravel/framework/src/Illuminate/Pipeline/Pipeline.php(167): Illuminate\\Foundation\\Http\\Middleware\\ValidatePostSize->handle()
#40 /mnt/ssd/projects/laravel_package_dev/laravels/laravel8.2/vendor/laravel/framework/src/Illuminate/Foundation/Http/Middleware/PreventRequestsDuringMaintenance.php(87): Illuminate\\Pipeline\\Pipeline->Illuminate\\Pipeline\\{closure}()
#41 /mnt/ssd/projects/laravel_package_dev/laravels/laravel8.2/vendor/laravel/framework/src/Illuminate/Pipeline/Pipeline.php(167): Illuminate\\Foundation\\Http\\Middleware\\PreventRequestsDuringMaintenance->handle()
#42 /mnt/ssd/projects/laravel_package_dev/laravels/laravel8.2/vendor/fruitcake/laravel-cors/src/HandleCors.php(37): Illuminate\\Pipeline\\Pipeline->Illuminate\\Pipeline\\{closure}()
#43 /mnt/ssd/projects/laravel_package_dev/laravels/laravel8.2/vendor/laravel/framework/src/Illuminate/Pipeline/Pipeline.php(167): Fruitcake\\Cors\\HandleCors->handle()
#44 /mnt/ssd/projects/laravel_package_dev/laravels/laravel8.2/vendor/fideloper/proxy/src/TrustProxies.php(57): Illuminate\\Pipeline\\Pipeline->Illuminate\\Pipeline\\{closure}()
#45 /mnt/ssd/projects/laravel_package_dev/laravels/laravel8.2/vendor/laravel/framework/src/Illuminate/Pipeline/Pipeline.php(167): Fideloper\\Proxy\\TrustProxies->handle()
#46 /mnt/ssd/projects/laravel_package_dev/laravels/laravel8.2/vendor/laravel/framework/src/Illuminate/Pipeline/Pipeline.php(103): Illuminate\\Pipeline\\Pipeline->Illuminate\\Pipeline\\{closure}()
#47 /mnt/ssd/projects/laravel_package_dev/laravels/laravel8.2/vendor/laravel/framework/src/Illuminate/Foundation/Http/Kernel.php(141): Illuminate\\Pipeline\\Pipeline->then()
#48 /mnt/ssd/projects/laravel_package_dev/laravels/laravel8.2/vendor/laravel/framework/src/Illuminate/Foundation/Http/Kernel.php(110): Illuminate\\Foundation\\Http\\Kernel->sendRequestThroughRouter()
#49 /mnt/ssd/projects/laravel_package_dev/laravels/laravel8.2/public/index.php(52): Illuminate\\Foundation\\Http\\Kernel->handle()
#50 {main}
"} 
[2020-12-25 13:53:33] local.ERROR: copy(/mnt/ssd/projects/laravel_package_dev/laravels/laravel8.2/resources/js/bootstrap.js): failed to open stream: No such file or directory {"exception":"[object] (ErrorException(code: 0): copy(/mnt/ssd/projects/laravel_package_dev/laravels/laravel8.2/resources/js/bootstrap.js): failed to open stream: No such file or directory at /mnt/ssd/projects/laravel_package_dev/laravels/laravel8.2/vendor/laravel/ui/src/Presets/Bootstrap.php:70)
[stacktrace]
#0 [internal function]: Illuminate\\Foundation\\Bootstrap\\HandleExceptions->handleError()
#1 /mnt/ssd/projects/laravel_package_dev/laravels/laravel8.2/vendor/laravel/ui/src/Presets/Bootstrap.php(70): copy()
#2 /mnt/ssd/projects/laravel_package_dev/laravels/laravel8.2/vendor/laravel/ui/src/Presets/Bootstrap.php(19): Laravel\\Ui\\Presets\\Bootstrap::updateBootstrapping()
#3 /mnt/ssd/projects/laravel_package_dev/laravels/laravel8.2/vendor/laravel/ui/src/UiCommand.php(85): Laravel\\Ui\\Presets\\Bootstrap::install()
#4 /mnt/ssd/projects/laravel_package_dev/laravels/laravel8.2/vendor/laravel/ui/src/UiCommand.php(44): Laravel\\Ui\\UiCommand->react()
#5 /mnt/ssd/projects/laravel_package_dev/laravels/laravel8.2/vendor/laravel/framework/src/Illuminate/Container/BoundMethod.php(36): Laravel\\Ui\\UiCommand->handle()
#6 /mnt/ssd/projects/laravel_package_dev/laravels/laravel8.2/vendor/laravel/framework/src/Illuminate/Container/Util.php(40): Illuminate\\Container\\BoundMethod::Illuminate\\Container\\{closure}()
#7 /mnt/ssd/projects/laravel_package_dev/laravels/laravel8.2/vendor/laravel/framework/src/Illuminate/Container/BoundMethod.php(93): Illuminate\\Container\\Util::unwrapIfClosure()
#8 /mnt/ssd/projects/laravel_package_dev/laravels/laravel8.2/vendor/laravel/framework/src/Illuminate/Container/BoundMethod.php(37): Illuminate\\Container\\BoundMethod::callBoundMethod()
#9 /mnt/ssd/projects/laravel_package_dev/laravels/laravel8.2/vendor/laravel/framework/src/Illuminate/Container/Container.php(610): Illuminate\\Container\\BoundMethod::call()
#10 /mnt/ssd/projects/laravel_package_dev/laravels/laravel8.2/vendor/laravel/framework/src/Illuminate/Console/Command.php(136): Illuminate\\Container\\Container->call()
#11 /mnt/ssd/projects/laravel_package_dev/laravels/laravel8.2/vendor/symfony/console/Command/Command.php(255): Illuminate\\Console\\Command->execute()
#12 /mnt/ssd/projects/laravel_package_dev/laravels/laravel8.2/vendor/laravel/framework/src/Illuminate/Console/Command.php(121): Symfony\\Component\\Console\\Command\\Command->run()
#13 /mnt/ssd/projects/laravel_package_dev/laravels/laravel8.2/vendor/symfony/console/Application.php(971): Illuminate\\Console\\Command->run()
#14 /mnt/ssd/projects/laravel_package_dev/laravels/laravel8.2/vendor/symfony/console/Application.php(290): Symfony\\Component\\Console\\Application->doRunCommand()
#15 /mnt/ssd/projects/laravel_package_dev/laravels/laravel8.2/vendor/symfony/console/Application.php(166): Symfony\\Component\\Console\\Application->doRun()
#16 /mnt/ssd/projects/laravel_package_dev/laravels/laravel8.2/vendor/laravel/framework/src/Illuminate/Console/Application.php(93): Symfony\\Component\\Console\\Application->run()
#17 /mnt/ssd/projects/laravel_package_dev/laravels/laravel8.2/vendor/laravel/framework/src/Illuminate/Foundation/Console/Kernel.php(129): Illuminate\\Console\\Application->run()
#18 /mnt/ssd/projects/laravel_package_dev/laravels/laravel8.2/artisan(37): Illuminate\\Foundation\\Console\\Kernel->handle()
#19 {main}
"} 
[2020-12-25 14:01:21] local.ERROR: Command "make" is not defined.

Did you mean one of these?
    make:cast
    make:channel
    make:command
    make:component
    make:controller
    make:event
    make:exception
    make:factory
    make:job
    make:listener
    make:mail
    make:middleware
    make:migration
    make:model
    make:notification
    make:observer
    make:policy
    make:provider
    make:request
    make:resource
    make:rule
    make:seeder
    make:test {"exception":"[object] (Symfony\\Component\\Console\\Exception\\CommandNotFoundException(code: 0): Command \"make\" is not defined.

Did you mean one of these?
    make:cast
    make:channel
    make:command
    make:component
    make:controller
    make:event
    make:exception
    make:factory
    make:job
    make:listener
    make:mail
    make:middleware
    make:migration
    make:model
    make:notification
    make:observer
    make:policy
    make:provider
    make:request
    make:resource
    make:rule
    make:seeder
    make:test at /mnt/ssd/projects/laravel_package_dev/laravels/laravel8.2/vendor/symfony/console/Application.php:675)
[stacktrace]
#0 /mnt/ssd/projects/laravel_package_dev/laravels/laravel8.2/vendor/symfony/console/Application.php(254): Symfony\\Component\\Console\\Application->find()
#1 /mnt/ssd/projects/laravel_package_dev/laravels/laravel8.2/vendor/symfony/console/Application.php(166): Symfony\\Component\\Console\\Application->doRun()
#2 /mnt/ssd/projects/laravel_package_dev/laravels/laravel8.2/vendor/laravel/framework/src/Illuminate/Console/Application.php(93): Symfony\\Component\\Console\\Application->run()
#3 /mnt/ssd/projects/laravel_package_dev/laravels/laravel8.2/vendor/laravel/framework/src/Illuminate/Foundation/Console/Kernel.php(129): Illuminate\\Console\\Application->run()
#4 /mnt/ssd/projects/laravel_package_dev/laravels/laravel8.2/artisan(37): Illuminate\\Foundation\\Console\\Kernel->handle()
#5 {main}
"} 
[2020-12-26 12:54:52] local.ERROR: Target class [UserControoler] does not exist. {"exception":"[object] (Illuminate\\Contracts\\Container\\BindingResolutionException(code: 0): Target class [UserControoler] does not exist. at /mnt/ssd/projects/laravel_package_dev/laravels/laravel8.2/vendor/laravel/framework/src/Illuminate/Container/Container.php:832)
[stacktrace]
#0 /mnt/ssd/projects/laravel_package_dev/laravels/laravel8.2/vendor/laravel/framework/src/Illuminate/Container/Container.php(712): Illuminate\\Container\\Container->build()
#1 /mnt/ssd/projects/laravel_package_dev/laravels/laravel8.2/vendor/laravel/framework/src/Illuminate/Foundation/Application.php(796): Illuminate\\Container\\Container->resolve()
#2 /mnt/ssd/projects/laravel_package_dev/laravels/laravel8.2/vendor/laravel/framework/src/Illuminate/Container/Container.php(651): Illuminate\\Foundation\\Application->resolve()
#3 /mnt/ssd/projects/laravel_package_dev/laravels/laravel8.2/vendor/laravel/framework/src/Illuminate/Foundation/Application.php(781): Illuminate\\Container\\Container->make()
#4 /mnt/ssd/projects/laravel_package_dev/laravels/laravel8.2/vendor/laravel/framework/src/Illuminate/Routing/Route.php(268): Illuminate\\Foundation\\Application->make()
#5 /mnt/ssd/projects/laravel_package_dev/laravels/laravel8.2/vendor/laravel/framework/src/Illuminate/Routing/Route.php(989): Illuminate\\Routing\\Route->getController()
#6 /mnt/ssd/projects/laravel_package_dev/laravels/laravel8.2/vendor/laravel/framework/src/Illuminate/Routing/Route.php(950): Illuminate\\Routing\\Route->controllerMiddleware()
#7 /mnt/ssd/projects/laravel_package_dev/laravels/laravel8.2/vendor/laravel/framework/src/Illuminate/Routing/Router.php(709): Illuminate\\Routing\\Route->gatherMiddleware()
#8 /mnt/ssd/projects/laravel_package_dev/laravels/laravel8.2/vendor/laravel/framework/src/Illuminate/Routing/Router.php(685): Illuminate\\Routing\\Router->gatherRouteMiddleware()
#9 /mnt/ssd/projects/laravel_package_dev/laravels/laravel8.2/vendor/laravel/framework/src/Illuminate/Routing/Router.php(669): Illuminate\\Routing\\Router->runRouteWithinStack()
#10 /mnt/ssd/projects/laravel_package_dev/laravels/laravel8.2/vendor/laravel/framework/src/Illuminate/Routing/Router.php(635): Illuminate\\Routing\\Router->runRoute()
#11 /mnt/ssd/projects/laravel_package_dev/laravels/laravel8.2/vendor/laravel/framework/src/Illuminate/Routing/Router.php(624): Illuminate\\Routing\\Router->dispatchToRoute()
#12 /mnt/ssd/projects/laravel_package_dev/laravels/laravel8.2/vendor/laravel/framework/src/Illuminate/Foundation/Http/Kernel.php(166): Illuminate\\Routing\\Router->dispatch()
#13 /mnt/ssd/projects/laravel_package_dev/laravels/laravel8.2/vendor/laravel/framework/src/Illuminate/Pipeline/Pipeline.php(128): Illuminate\\Foundation\\Http\\Kernel->Illuminate\\Foundation\\Http\\{closure}()
#14 /mnt/ssd/projects/laravel_package_dev/laravels/laravel8.2/vendor/laravel/framework/src/Illuminate/Foundation/Http/Middleware/TransformsRequest.php(21): Illuminate\\Pipeline\\Pipeline->Illuminate\\Pipeline\\{closure}()
#15 /mnt/ssd/projects/laravel_package_dev/laravels/laravel8.2/vendor/laravel/framework/src/Illuminate/Pipeline/Pipeline.php(167): Illuminate\\Foundation\\Http\\Middleware\\TransformsRequest->handle()
#16 /mnt/ssd/projects/laravel_package_dev/laravels/laravel8.2/vendor/laravel/framework/src/Illuminate/Foundation/Http/Middleware/TransformsRequest.php(21): Illuminate\\Pipeline\\Pipeline->Illuminate\\Pipeline\\{closure}()
#17 /mnt/ssd/projects/laravel_package_dev/laravels/laravel8.2/vendor/laravel/framework/src/Illuminate/Pipeline/Pipeline.php(167): Illuminate\\Foundation\\Http\\Middleware\\TransformsRequest->handle()
#18 /mnt/ssd/projects/laravel_package_dev/laravels/laravel8.2/vendor/laravel/framework/src/Illuminate/Foundation/Http/Middleware/ValidatePostSize.php(27): Illuminate\\Pipeline\\Pipeline->Illuminate\\Pipeline\\{closure}()
#19 /mnt/ssd/projects/laravel_package_dev/laravels/laravel8.2/vendor/laravel/framework/src/Illuminate/Pipeline/Pipeline.php(167): Illuminate\\Foundation\\Http\\Middleware\\ValidatePostSize->handle()
#20 /mnt/ssd/projects/laravel_package_dev/laravels/laravel8.2/vendor/laravel/framework/src/Illuminate/Foundation/Http/Middleware/PreventRequestsDuringMaintenance.php(87): Illuminate\\Pipeline\\Pipeline->Illuminate\\Pipeline\\{closure}()
#21 /mnt/ssd/projects/laravel_package_dev/laravels/laravel8.2/vendor/laravel/framework/src/Illuminate/Pipeline/Pipeline.php(167): Illuminate\\Foundation\\Http\\Middleware\\PreventRequestsDuringMaintenance->handle()
#22 /mnt/ssd/projects/laravel_package_dev/laravels/laravel8.2/vendor/fruitcake/laravel-cors/src/HandleCors.php(57): Illuminate\\Pipeline\\Pipeline->Illuminate\\Pipeline\\{closure}()
#23 /mnt/ssd/projects/laravel_package_dev/laravels/laravel8.2/vendor/laravel/framework/src/Illuminate/Pipeline/Pipeline.php(167): Fruitcake\\Cors\\HandleCors->handle()
#24 /mnt/ssd/projects/laravel_package_dev/laravels/laravel8.2/vendor/fideloper/proxy/src/TrustProxies.php(57): Illuminate\\Pipeline\\Pipeline->Illuminate\\Pipeline\\{closure}()
#25 /mnt/ssd/projects/laravel_package_dev/laravels/laravel8.2/vendor/laravel/framework/src/Illuminate/Pipeline/Pipeline.php(167): Fideloper\\Proxy\\TrustProxies->handle()
#26 /mnt/ssd/projects/laravel_package_dev/laravels/laravel8.2/vendor/laravel/framework/src/Illuminate/Pipeline/Pipeline.php(103): Illuminate\\Pipeline\\Pipeline->Illuminate\\Pipeline\\{closure}()
#27 /mnt/ssd/projects/laravel_package_dev/laravels/laravel8.2/vendor/laravel/framework/src/Illuminate/Foundation/Http/Kernel.php(141): Illuminate\\Pipeline\\Pipeline->then()
#28 /mnt/ssd/projects/laravel_package_dev/laravels/laravel8.2/vendor/laravel/framework/src/Illuminate/Foundation/Http/Kernel.php(110): Illuminate\\Foundation\\Http\\Kernel->sendRequestThroughRouter()
#29 /mnt/ssd/projects/laravel_package_dev/laravels/laravel8.2/public/index.php(52): Illuminate\\Foundation\\Http\\Kernel->handle()
#30 {main}

[previous exception] [object] (ReflectionException(code: -1): Class UserControoler does not exist at /mnt/ssd/projects/laravel_package_dev/laravels/laravel8.2/vendor/laravel/framework/src/Illuminate/Container/Container.php:830)
[stacktrace]
#0 /mnt/ssd/projects/laravel_package_dev/laravels/laravel8.2/vendor/laravel/framework/src/Illuminate/Container/Container.php(830): ReflectionClass->__construct()
#1 /mnt/ssd/projects/laravel_package_dev/laravels/laravel8.2/vendor/laravel/framework/src/Illuminate/Container/Container.php(712): Illuminate\\Container\\Container->build()
#2 /mnt/ssd/projects/laravel_package_dev/laravels/laravel8.2/vendor/laravel/framework/src/Illuminate/Foundation/Application.php(796): Illuminate\\Container\\Container->resolve()
#3 /mnt/ssd/projects/laravel_package_dev/laravels/laravel8.2/vendor/laravel/framework/src/Illuminate/Container/Container.php(651): Illuminate\\Foundation\\Application->resolve()
#4 /mnt/ssd/projects/laravel_package_dev/laravels/laravel8.2/vendor/laravel/framework/src/Illuminate/Foundation/Application.php(781): Illuminate\\Container\\Container->make()
#5 /mnt/ssd/projects/laravel_package_dev/laravels/laravel8.2/vendor/laravel/framework/src/Illuminate/Routing/Route.php(268): Illuminate\\Foundation\\Application->make()
#6 /mnt/ssd/projects/laravel_package_dev/laravels/laravel8.2/vendor/laravel/framework/src/Illuminate/Routing/Route.php(989): Illuminate\\Routing\\Route->getController()
#7 /mnt/ssd/projects/laravel_package_dev/laravels/laravel8.2/vendor/laravel/framework/src/Illuminate/Routing/Route.php(950): Illuminate\\Routing\\Route->controllerMiddleware()
#8 /mnt/ssd/projects/laravel_package_dev/laravels/laravel8.2/vendor/laravel/framework/src/Illuminate/Routing/Router.php(709): Illuminate\\Routing\\Route->gatherMiddleware()
#9 /mnt/ssd/projects/laravel_package_dev/laravels/laravel8.2/vendor/laravel/framework/src/Illuminate/Routing/Router.php(685): Illuminate\\Routing\\Router->gatherRouteMiddleware()
#10 /mnt/ssd/projects/laravel_package_dev/laravels/laravel8.2/vendor/laravel/framework/src/Illuminate/Routing/Router.php(669): Illuminate\\Routing\\Router->runRouteWithinStack()
#11 /mnt/ssd/projects/laravel_package_dev/laravels/laravel8.2/vendor/laravel/framework/src/Illuminate/Routing/Router.php(635): Illuminate\\Routing\\Router->runRoute()
#12 /mnt/ssd/projects/laravel_package_dev/laravels/laravel8.2/vendor/laravel/framework/src/Illuminate/Routing/Router.php(624): Illuminate\\Routing\\Router->dispatchToRoute()
#13 /mnt/ssd/projects/laravel_package_dev/laravels/laravel8.2/vendor/laravel/framework/src/Illuminate/Foundation/Http/Kernel.php(166): Illuminate\\Routing\\Router->dispatch()
#14 /mnt/ssd/projects/laravel_package_dev/laravels/laravel8.2/vendor/laravel/framework/src/Illuminate/Pipeline/Pipeline.php(128): Illuminate\\Foundation\\Http\\Kernel->Illuminate\\Foundation\\Http\\{closure}()
#15 /mnt/ssd/projects/laravel_package_dev/laravels/laravel8.2/vendor/laravel/framework/src/Illuminate/Foundation/Http/Middleware/TransformsRequest.php(21): Illuminate\\Pipeline\\Pipeline->Illuminate\\Pipeline\\{closure}()
#16 /mnt/ssd/projects/laravel_package_dev/laravels/laravel8.2/vendor/laravel/framework/src/Illuminate/Pipeline/Pipeline.php(167): Illuminate\\Foundation\\Http\\Middleware\\TransformsRequest->handle()
#17 /mnt/ssd/projects/laravel_package_dev/laravels/laravel8.2/vendor/laravel/framework/src/Illuminate/Foundation/Http/Middleware/TransformsRequest.php(21): Illuminate\\Pipeline\\Pipeline->Illuminate\\Pipeline\\{closure}()
#18 /mnt/ssd/projects/laravel_package_dev/laravels/laravel8.2/vendor/laravel/framework/src/Illuminate/Pipeline/Pipeline.php(167): Illuminate\\Foundation\\Http\\Middleware\\TransformsRequest->handle()
#19 /mnt/ssd/projects/laravel_package_dev/laravels/laravel8.2/vendor/laravel/framework/src/Illuminate/Foundation/Http/Middleware/ValidatePostSize.php(27): Illuminate\\Pipeline\\Pipeline->Illuminate\\Pipeline\\{closure}()
#20 /mnt/ssd/projects/laravel_package_dev/laravels/laravel8.2/vendor/laravel/framework/src/Illuminate/Pipeline/Pipeline.php(167): Illuminate\\Foundation\\Http\\Middleware\\ValidatePostSize->handle()
#21 /mnt/ssd/projects/laravel_package_dev/laravels/laravel8.2/vendor/laravel/framework/src/Illuminate/Foundation/Http/Middleware/PreventRequestsDuringMaintenance.php(87): Illuminate\\Pipeline\\Pipeline->Illuminate\\Pipeline\\{closure}()
#22 /mnt/ssd/projects/laravel_package_dev/laravels/laravel8.2/vendor/laravel/framework/src/Illuminate/Pipeline/Pipeline.php(167): Illuminate\\Foundation\\Http\\Middleware\\PreventRequestsDuringMaintenance->handle()
#23 /mnt/ssd/projects/laravel_package_dev/laravels/laravel8.2/vendor/fruitcake/laravel-cors/src/HandleCors.php(57): Illuminate\\Pipeline\\Pipeline->Illuminate\\Pipeline\\{closure}()
#24 /mnt/ssd/projects/laravel_package_dev/laravels/laravel8.2/vendor/laravel/framework/src/Illuminate/Pipeline/Pipeline.php(167): Fruitcake\\Cors\\HandleCors->handle()
#25 /mnt/ssd/projects/laravel_package_dev/laravels/laravel8.2/vendor/fideloper/proxy/src/TrustProxies.php(57): Illuminate\\Pipeline\\Pipeline->Illuminate\\Pipeline\\{closure}()
#26 /mnt/ssd/projects/laravel_package_dev/laravels/laravel8.2/vendor/laravel/framework/src/Illuminate/Pipeline/Pipeline.php(167): Fideloper\\Proxy\\TrustProxies->handle()
#27 /mnt/ssd/projects/laravel_package_dev/laravels/laravel8.2/vendor/laravel/framework/src/Illuminate/Pipeline/Pipeline.php(103): Illuminate\\Pipeline\\Pipeline->Illuminate\\Pipeline\\{closure}()
#28 /mnt/ssd/projects/laravel_package_dev/laravels/laravel8.2/vendor/laravel/framework/src/Illuminate/Foundation/Http/Kernel.php(141): Illuminate\\Pipeline\\Pipeline->then()
#29 /mnt/ssd/projects/laravel_package_dev/laravels/laravel8.2/vendor/laravel/framework/src/Illuminate/Foundation/Http/Kernel.php(110): Illuminate\\Foundation\\Http\\Kernel->sendRequestThroughRouter()
#30 /mnt/ssd/projects/laravel_package_dev/laravels/laravel8.2/public/index.php(52): Illuminate\\Foundation\\Http\\Kernel->handle()
#31 {main}
"} 
